TN:
SF:src/Applications/security/AuthenticationTokenManager.js
FN:2,(anonymous_0)
FN:6,(anonymous_1)
FN:10,(anonymous_2)
FN:14,(anonymous_3)
FNF:4
FNH:4
FNDA:1,(anonymous_0)
FNDA:1,(anonymous_1)
FNDA:1,(anonymous_2)
FNDA:1,(anonymous_3)
DA:3,1
DA:7,1
DA:11,1
DA:15,1
DA:19,3
LF:5
LH:5
BRF:0
BRH:0
end_of_record
TN:
SF:src/Applications/security/PasswordHash.js
FN:2,(anonymous_0)
FN:6,(anonymous_1)
FNF:2
FNH:2
FNDA:1,(anonymous_0)
FNDA:1,(anonymous_1)
DA:3,1
DA:7,1
DA:11,3
LF:3
LH:3
BRF:0
BRH:0
end_of_record
TN:
SF:src/Applications/use_case/AddUserUseCase.js
FN:4,(anonymous_0)
FN:9,(anonymous_1)
FNF:2
FNH:2
FNDA:1,(anonymous_0)
FNDA:1,(anonymous_1)
DA:1,1
DA:5,1
DA:6,1
DA:10,1
DA:11,1
DA:12,1
DA:13,1
DA:17,1
LF:8
LH:8
BRF:0
BRH:0
end_of_record
TN:
SF:src/Applications/use_case/LoginUserUseCase.js
FN:5,(anonymous_0)
FN:17,(anonymous_1)
FNF:2
FNH:2
FNDA:1,(anonymous_0)
FNDA:1,(anonymous_1)
DA:1,1
DA:2,1
DA:11,1
DA:12,1
DA:13,1
DA:14,1
DA:18,1
DA:20,1
DA:22,1
DA:24,1
DA:26,1
DA:28,1
DA:31,1
DA:36,1
DA:38,1
DA:42,1
LF:16
LH:16
BRF:0
BRH:0
end_of_record
TN:
SF:src/Applications/use_case/LogoutUserUseCase.js
FN:2,(anonymous_0)
FN:6,(anonymous_1)
FN:13,(anonymous_2)
FNF:3
FNH:3
FNDA:3,(anonymous_0)
FNDA:3,(anonymous_1)
FNDA:3,(anonymous_2)
DA:3,3
DA:7,3
DA:8,1
DA:9,1
DA:10,1
DA:14,3
DA:16,3
DA:17,1
DA:20,2
DA:21,1
DA:26,1
LF:11
LH:11
BRDA:16,0,0,1
BRDA:16,0,1,2
BRDA:20,1,0,1
BRDA:20,1,1,1
BRF:4
BRH:4
end_of_record
TN:
SF:src/Applications/use_case/RefreshAuthenticationUseCase.js
FN:2,(anonymous_0)
FN:10,(anonymous_1)
FN:22,(anonymous_2)
FNF:3
FNH:3
FNDA:3,(anonymous_0)
FNDA:3,(anonymous_1)
FNDA:3,(anonymous_2)
DA:6,3
DA:7,3
DA:11,3
DA:12,1
DA:14,1
DA:15,1
DA:17,1
DA:19,1
DA:23,3
DA:25,3
DA:26,1
DA:29,2
DA:30,1
DA:35,1
LF:14
LH:14
BRDA:25,0,0,1
BRDA:25,0,1,2
BRDA:29,1,0,1
BRDA:29,1,1,1
BRF:4
BRH:4
end_of_record
TN:
SF:src/Commons/exceptions/AuthenticationError.js
FN:4,(anonymous_0)
FNF:1
FNH:1
FNDA:1,(anonymous_0)
DA:1,1
DA:5,1
DA:6,1
DA:10,1
LF:4
LH:4
BRF:0
BRH:0
end_of_record
TN:
SF:src/Commons/exceptions/AuthorizationError.js
FN:4,(anonymous_0)
FNF:1
FNH:1
FNDA:1,(anonymous_0)
DA:1,1
DA:5,1
DA:6,1
DA:10,1
LF:4
LH:4
BRF:0
BRH:0
end_of_record
TN:
SF:src/Commons/exceptions/ClientError.js
FN:2,(anonymous_0)
FNF:1
FNH:1
FNDA:5,(anonymous_0)
DA:3,5
DA:5,5
DA:6,1
DA:9,4
DA:10,4
DA:14,5
LF:6
LH:6
BRDA:2,0,0,2
BRDA:5,1,0,1
BRDA:5,1,1,4
BRF:3
BRH:3
end_of_record
TN:
SF:src/Commons/exceptions/InvariantError.js
FN:4,(anonymous_0)
FNF:1
FNH:1
FNDA:1,(anonymous_0)
DA:1,1
DA:5,1
DA:6,1
DA:10,1
LF:4
LH:4
BRF:0
BRH:0
end_of_record
TN:
SF:src/Commons/exceptions/NotFoundError.js
FN:4,(anonymous_0)
FNF:1
FNH:1
FNDA:1,(anonymous_0)
DA:1,1
DA:5,1
DA:6,1
DA:10,1
LF:4
LH:4
BRF:0
BRH:0
end_of_record
TN:
SF:src/Domains/authentications/AuthenticationRepository.js
FN:2,(anonymous_0)
FN:6,(anonymous_1)
FN:10,(anonymous_2)
FNF:3
FNH:3
FNDA:1,(anonymous_0)
FNDA:1,(anonymous_1)
FNDA:1,(anonymous_2)
DA:3,1
DA:7,1
DA:11,1
DA:15,4
LF:4
LH:4
BRF:0
BRH:0
end_of_record
TN:
SF:src/Domains/authentications/entities/NewAuth.js
FN:2,(anonymous_0)
FN:11,(anonymous_1)
FNF:2
FNH:2
FNDA:6,(anonymous_0)
FNDA:6,(anonymous_1)
DA:3,6
DA:5,4
DA:7,4
DA:8,4
DA:12,6
DA:14,6
DA:15,1
DA:18,5
DA:19,1
DA:24,2
LF:10
LH:10
BRDA:14,0,0,1
BRDA:14,0,1,5
BRDA:14,1,0,6
BRDA:14,1,1,6
BRDA:18,2,0,1
BRDA:18,2,1,4
BRDA:18,3,0,5
BRDA:18,3,1,5
BRF:8
BRH:8
end_of_record
TN:
SF:src/Domains/comments/CommentRepository.js
FN:2,(anonymous_0)
FN:6,(anonymous_1)
FN:10,(anonymous_2)
FN:14,(anonymous_3)
FN:18,(anonymous_4)
FNF:5
FNH:5
FNDA:1,(anonymous_0)
FNDA:1,(anonymous_1)
FNDA:1,(anonymous_2)
FNDA:1,(anonymous_3)
FNDA:1,(anonymous_4)
DA:3,1
DA:7,1
DA:11,1
DA:15,1
DA:19,1
DA:23,1
LF:6
LH:6
BRF:0
BRH:0
end_of_record
TN:
SF:src/Domains/comments/entities/AddedComment.js
FN:2,(anonymous_0)
FN:12,(anonymous_1)
FNF:2
FNH:2
FNDA:3,(anonymous_0)
FNDA:3,(anonymous_1)
DA:3,3
DA:5,1
DA:7,1
DA:8,1
DA:9,1
DA:13,3
DA:14,1
DA:17,2
DA:18,1
DA:23,1
LF:10
LH:10
BRDA:13,0,0,1
BRDA:13,0,1,2
BRDA:13,1,0,3
BRDA:13,1,1,2
BRDA:13,1,2,2
BRDA:17,2,0,1
BRDA:17,2,1,1
BRDA:17,3,0,2
BRDA:17,3,1,1
BRDA:17,3,2,1
BRF:10
BRH:10
end_of_record
TN:
SF:src/Domains/comments/entities/Comment.js
FN:4,(anonymous_0)
FN:18,(anonymous_1)
FN:34,(anonymous_2)
FN:41,(anonymous_3)
FNF:4
FNH:4
FNDA:7,(anonymous_0)
FNDA:7,(anonymous_1)
FNDA:3,(anonymous_2)
FNDA:2,(anonymous_3)
DA:1,2
DA:5,7
DA:9,5
DA:11,5
DA:12,5
DA:13,5
DA:14,5
DA:15,5
DA:25,7
DA:26,1
DA:29,6
DA:30,1
DA:35,3
DA:37,3
DA:38,1
DA:41,2
DA:43,2
DA:44,1
DA:47,1
DA:51,2
LF:20
LH:20
BRDA:14,0,0,1
BRDA:14,0,1,4
BRDA:25,1,0,1
BRDA:25,1,1,6
BRDA:25,2,0,7
BRDA:25,2,1,7
BRDA:25,2,2,7
BRDA:25,2,3,7
BRDA:25,2,4,6
BRDA:25,2,5,6
BRDA:29,3,0,1
BRDA:29,3,1,5
BRDA:29,4,0,6
BRDA:29,4,1,5
BRDA:29,4,2,5
BRDA:29,4,3,5
BRDA:29,4,4,5
BRDA:37,5,0,1
BRDA:37,5,1,2
BRDA:43,6,0,1
BRDA:43,6,1,1
BRF:21
BRH:21
end_of_record
TN:
SF:src/Domains/comments/entities/DeleteComment.js
FN:2,(anonymous_0)
FN:12,(anonymous_1)
FNF:2
FNH:2
FNDA:3,(anonymous_0)
FNDA:3,(anonymous_1)
DA:3,3
DA:5,1
DA:7,1
DA:8,1
DA:9,1
DA:13,3
DA:14,1
DA:17,2
DA:18,1
DA:23,1
LF:10
LH:10
BRDA:13,0,0,1
BRDA:13,0,1,2
BRDA:13,1,0,3
BRDA:13,1,1,3
BRDA:13,1,2,2
BRDA:17,2,0,1
BRDA:17,2,1,1
BRDA:17,3,0,2
BRDA:17,3,1,1
BRDA:17,3,2,1
BRF:10
BRH:10
end_of_record
TN:
SF:src/Domains/comments/entities/NewComment.js
FN:2,(anonymous_0)
FN:12,(anonymous_1)
FNF:2
FNH:2
FNDA:3,(anonymous_0)
FNDA:3,(anonymous_1)
DA:3,3
DA:5,1
DA:7,1
DA:8,1
DA:9,1
DA:13,3
DA:14,1
DA:17,2
DA:18,1
DA:23,1
LF:10
LH:10
BRDA:13,0,0,1
BRDA:13,0,1,2
BRDA:13,1,0,3
BRDA:13,1,1,2
BRDA:13,1,2,2
BRDA:17,2,0,1
BRDA:17,2,1,1
BRDA:17,3,0,2
BRDA:17,3,1,1
BRDA:17,3,2,1
BRF:10
BRH:10
end_of_record
TN:
SF:src/Domains/replies/ReplyRepository.js
FN:2,(anonymous_0)
FN:6,(anonymous_1)
FN:10,(anonymous_2)
FN:14,(anonymous_3)
FN:18,(anonymous_4)
FN:22,(anonymous_5)
FNF:6
FNH:6
FNDA:1,(anonymous_0)
FNDA:1,(anonymous_1)
FNDA:1,(anonymous_2)
FNDA:1,(anonymous_3)
FNDA:1,(anonymous_4)
FNDA:1,(anonymous_5)
DA:3,1
DA:7,1
DA:11,1
DA:15,1
DA:19,1
DA:23,1
DA:27,1
LF:7
LH:7
BRF:0
BRH:0
end_of_record
TN:
SF:src/Domains/replies/entities/AddedReply.js
FN:2,(anonymous_0)
FN:12,(anonymous_1)
FNF:2
FNH:2
FNDA:3,(anonymous_0)
FNDA:3,(anonymous_1)
DA:3,3
DA:5,1
DA:7,1
DA:8,1
DA:9,1
DA:13,3
DA:14,1
DA:17,2
DA:18,1
DA:23,1
LF:10
LH:10
BRDA:13,0,0,1
BRDA:13,0,1,2
BRDA:13,1,0,3
BRDA:13,1,1,2
BRDA:13,1,2,2
BRDA:17,2,0,1
BRDA:17,2,1,1
BRDA:17,3,0,2
BRDA:17,3,1,1
BRDA:17,3,2,1
BRF:10
BRH:10
end_of_record
TN:
SF:src/Domains/replies/entities/DeleteReply.js
FN:2,(anonymous_0)
FN:12,(anonymous_1)
FNF:2
FNH:2
FNDA:3,(anonymous_0)
FNDA:3,(anonymous_1)
DA:3,3
DA:5,1
DA:7,1
DA:8,1
DA:9,1
DA:13,3
DA:14,1
DA:17,2
DA:18,1
DA:23,1
LF:10
LH:10
BRDA:13,0,0,1
BRDA:13,0,1,2
BRDA:13,1,0,3
BRDA:13,1,1,3
BRDA:13,1,2,2
BRDA:17,2,0,1
BRDA:17,2,1,1
BRDA:17,3,0,2
BRDA:17,3,1,1
BRDA:17,3,2,1
BRF:10
BRH:10
end_of_record
TN:
SF:src/Domains/replies/entities/NewReply.js
FN:2,(anonymous_0)
FN:12,(anonymous_1)
FNF:2
FNH:2
FNDA:3,(anonymous_0)
FNDA:3,(anonymous_1)
DA:3,3
DA:5,1
DA:7,1
DA:8,1
DA:9,1
DA:13,3
DA:14,1
DA:17,2
DA:18,1
DA:23,1
LF:10
LH:10
BRDA:13,0,0,1
BRDA:13,0,1,2
BRDA:13,1,0,3
BRDA:13,1,1,2
BRDA:13,1,2,2
BRDA:17,2,0,1
BRDA:17,2,1,1
BRDA:17,3,0,2
BRDA:17,3,1,1
BRDA:17,3,2,1
BRF:10
BRH:10
end_of_record
TN:
SF:src/Domains/replies/entities/Reply.js
FN:2,(anonymous_0)
FN:15,(anonymous_1)
FNF:2
FNH:2
FNDA:4,(anonymous_0)
FNDA:4,(anonymous_1)
DA:3,4
DA:7,2
DA:9,2
DA:10,2
DA:11,2
DA:12,2
DA:22,4
DA:23,1
DA:26,3
DA:27,1
DA:32,3
LF:11
LH:11
BRDA:12,0,0,1
BRDA:12,0,1,1
BRDA:22,1,0,1
BRDA:22,1,1,3
BRDA:22,2,0,4
BRDA:22,2,1,4
BRDA:22,2,2,4
BRDA:22,2,3,3
BRDA:22,2,4,3
BRDA:26,3,0,1
BRDA:26,3,1,2
BRDA:26,4,0,3
BRDA:26,4,1,2
BRDA:26,4,2,2
BRDA:26,4,3,2
BRDA:26,4,4,2
BRF:16
BRH:16
end_of_record
TN:
SF:src/Domains/threads/ThreadRepository.js
FN:2,(anonymous_0)
FN:6,(anonymous_1)
FN:10,(anonymous_2)
FNF:3
FNH:3
FNDA:1,(anonymous_0)
FNDA:1,(anonymous_1)
FNDA:1,(anonymous_2)
DA:3,1
DA:7,1
DA:11,1
DA:15,1
LF:4
LH:4
BRF:0
BRH:0
end_of_record
TN:
SF:src/Domains/threads/entities/AddedThread.js
FN:2,(anonymous_0)
FN:12,(anonymous_1)
FNF:2
FNH:2
FNDA:3,(anonymous_0)
FNDA:3,(anonymous_1)
DA:3,3
DA:5,1
DA:7,1
DA:8,1
DA:9,1
DA:13,3
DA:15,3
DA:16,1
DA:19,2
DA:20,1
DA:25,1
LF:11
LH:11
BRDA:15,0,0,1
BRDA:15,0,1,2
BRDA:15,1,0,3
BRDA:15,1,1,3
BRDA:15,1,2,2
BRDA:19,2,0,1
BRDA:19,2,1,1
BRDA:19,3,0,2
BRDA:19,3,1,2
BRDA:19,3,2,1
BRF:10
BRH:10
end_of_record
TN:
SF:src/Domains/threads/entities/NewThread.js
FN:2,(anonymous_0)
FN:12,(anonymous_1)
FNF:2
FNH:2
FNDA:3,(anonymous_0)
FNDA:3,(anonymous_1)
DA:3,3
DA:5,1
DA:7,1
DA:8,1
DA:9,1
DA:13,3
DA:15,3
DA:16,1
DA:19,2
DA:20,1
DA:25,1
LF:11
LH:11
BRDA:15,0,0,1
BRDA:15,0,1,2
BRDA:15,1,0,3
BRDA:15,1,1,3
BRDA:15,1,2,2
BRDA:19,2,0,1
BRDA:19,2,1,1
BRDA:19,3,0,2
BRDA:19,3,1,2
BRDA:19,3,2,1
BRF:10
BRH:10
end_of_record
TN:
SF:src/Domains/threads/entities/Thread.js
FN:4,(anonymous_0)
FN:19,(anonymous_1)
FN:31,(anonymous_2)
FN:38,(anonymous_3)
FNF:4
FNH:4
FNDA:6,(anonymous_0)
FNDA:6,(anonymous_1)
FNDA:3,(anonymous_2)
FNDA:2,(anonymous_3)
DA:1,1
DA:5,6
DA:9,4
DA:11,4
DA:12,4
DA:13,4
DA:14,4
DA:15,4
DA:16,4
DA:22,6
DA:23,1
DA:26,5
DA:27,1
DA:32,3
DA:34,3
DA:35,1
DA:38,2
DA:40,2
DA:41,1
DA:44,1
DA:48,1
LF:21
LH:21
BRDA:22,0,0,1
BRDA:22,0,1,5
BRDA:22,1,0,6
BRDA:22,1,1,5
BRDA:22,1,2,5
BRDA:22,1,3,5
BRDA:22,1,4,5
BRDA:26,2,0,1
BRDA:26,2,1,4
BRDA:26,3,0,5
BRDA:26,3,1,4
BRDA:26,3,2,4
BRDA:26,3,3,4
BRDA:34,4,0,1
BRDA:34,4,1,2
BRDA:40,5,0,1
BRDA:40,5,1,1
BRF:17
BRH:17
end_of_record
TN:
SF:src/Domains/users/UserRepository.js
FN:2,(anonymous_0)
FN:6,(anonymous_1)
FN:10,(anonymous_2)
FN:14,(anonymous_3)
FNF:4
FNH:4
FNDA:1,(anonymous_0)
FNDA:1,(anonymous_1)
FNDA:1,(anonymous_2)
FNDA:1,(anonymous_3)
DA:3,1
DA:7,1
DA:11,1
DA:15,1
DA:19,3
LF:5
LH:5
BRF:0
BRH:0
end_of_record
TN:
SF:src/Domains/users/entities/RegisterUser.js
FN:2,(anonymous_0)
FN:12,(anonymous_1)
FNF:2
FNH:2
FNDA:7,(anonymous_0)
FNDA:7,(anonymous_1)
DA:3,7
DA:5,3
DA:7,3
DA:8,3
DA:9,3
DA:13,7
DA:14,1
DA:17,6
DA:18,1
DA:21,5
DA:22,1
DA:25,4
DA:26,1
DA:31,2
LF:14
LH:14
BRDA:13,0,0,1
BRDA:13,0,1,6
BRDA:13,1,0,7
BRDA:13,1,1,7
BRDA:13,1,2,7
BRDA:17,2,0,1
BRDA:17,2,1,5
BRDA:17,3,0,6
BRDA:17,3,1,5
BRDA:17,3,2,5
BRDA:21,4,0,1
BRDA:21,4,1,4
BRDA:25,5,0,1
BRDA:25,5,1,3
BRF:14
BRH:14
end_of_record
TN:
SF:src/Domains/users/entities/RegisteredUser.js
FN:2,(anonymous_0)
FN:12,(anonymous_1)
FNF:2
FNH:2
FNDA:5,(anonymous_0)
FNDA:5,(anonymous_1)
DA:3,5
DA:5,3
DA:7,3
DA:8,3
DA:9,3
DA:13,5
DA:14,1
DA:17,4
DA:18,1
DA:23,2
LF:10
LH:10
BRDA:13,0,0,1
BRDA:13,0,1,4
BRDA:13,1,0,5
BRDA:13,1,1,4
BRDA:13,1,2,4
BRDA:17,2,0,1
BRDA:17,2,1,3
BRDA:17,3,0,4
BRDA:17,3,1,3
BRDA:17,3,2,3
BRF:10
BRH:10
end_of_record
TN:
SF:src/Domains/users/entities/UserLogin.js
FN:2,(anonymous_0)
FN:11,(anonymous_1)
FNF:2
FNH:2
FNDA:4,(anonymous_0)
FNDA:4,(anonymous_1)
DA:3,4
DA:5,2
DA:7,2
DA:8,2
DA:12,4
DA:14,4
DA:15,1
DA:18,3
DA:19,1
DA:24,2
LF:10
LH:10
BRDA:14,0,0,1
BRDA:14,0,1,3
BRDA:14,1,0,4
BRDA:14,1,1,4
BRDA:18,2,0,1
BRDA:18,2,1,2
BRDA:18,3,0,3
BRDA:18,3,1,3
BRF:8
BRH:8
end_of_record
